<?xml version="1.0" encoding="UTF-8"?>
<!-- Generated by org.testng.reporters.JUnitXMLReporter -->
<testsuite hostname="Princes-MBP.hitronhub.home" ignored="0" name="Default test" tests="3" failures="0" timestamp="2023-02-25T20:06:48 CST" time="12.278" errors="0">
  <testcase name="enterUserandPassword" time="4.737" classname="Tutorial.Session9"/>
  <testcase name="enterUserandPassword" time="3.664" classname="Tutorial.Session9"/>
  <testcase name="enterUserandPassword" time="3.825" classname="Tutorial.Session9"/>
</testsuite> <!-- Default test -->
